<?xml version="1.0" encoding="UTF-8"?>
<testng-results skipped="0" failed="0" ignored="0" total="1" passed="1">
  <reporter-output>
  </reporter-output>
  <suite name="Default suite" duration-ms="6055" started-at="2019-02-07T03:35:20Z" finished-at="2019-02-07T03:35:26Z">
    <groups>
    </groups>
    <test name="Default test" duration-ms="6055" started-at="2019-02-07T03:35:20Z" finished-at="2019-02-07T03:35:26Z">
      <class name="Basics.DataDrivingfromProperties">
        <test-method status="PASS" signature="getData()[pri:0, instance:Basics.DataDrivingfromProperties@48eff760]" name="getData" duration-ms="5978" started-at="2019-02-07T03:35:20Z" finished-at="2019-02-07T03:35:26Z">
          <reporter-output>
          </reporter-output>
        </test-method> <!-- getData -->
      </class> <!-- Basics.DataDrivingfromProperties -->
    </test> <!-- Default test -->
  </suite> <!-- Default suite -->
</testng-results>
