<?xml version="1.0" encoding="UTF-8"?>
<!-- Generated by org.testng.reporters.JUnitXMLReporter -->
<testsuite hostname="HALIL" ignored="1" name="QuestionAnswer" tests="5" failures="0" timestamp="03 Feb 2019 02:49:24 GMT" time="0.042" errors="0">
  <testcase name="WhereAreYou" time="0.002" classname="Basics.EssentialQuestions"/>
  <testcase name="WhoAreYou" time="0.002" classname="Basics.EssentialQuestions"/>
  <testcase name="HowAreYou" time="0.002" classname="Basics.EssentialAnswers"/>
  <testcase name="WhereAreYou" time="0.003" classname="Basics.EssentialAnswers"/>
  <testcase name="WhoAreYou" time="0.002" classname="Basics.EssentialAnswers"/>
  <testcase name="HowAreYou" time="0.0" classname="Basics.EssentialQuestions">
    <ignored/>
  </testcase> <!-- HowAreYou -->
</testsuite> <!-- QuestionAnswer -->
